C51 COMPILER V9.60.0.0   MAIN                                                              02/25/2020 11:46:36 PAGE 1   


C51 COMPILER V9.60.0.0, COMPILATION OF MODULE MAIN
OBJECT MODULE PLACED IN .\Objects\main.obj
COMPILER INVOKED BY: C:\Keil_v5\C51\BIN\C51.EXE main.c OPTIMIZE(8,SPEED) BROWSE DEBUG OBJECTEXTEND PRINT(.\Listings\main
                    -.lst) TABS(2) OBJECT(.\Objects\main.obj)

line level    source

   1          ///////////////////////////////////////////////////////////////////////
   2          //Title: main.c  
   3          //Author: Sean Kim
   4          //Date: 02.24.20
   5          //Edited: 
   6          //////////////////////////////////////////////////////////////////////
   7          
   8          #include "main.h"
   9          #include "reg51.h" 
  10          
  11          unsigned char num[] = {0xbf, 0x86, 0xcb, 0xcf, 0xe3, 0xed, 0xfd, 0x87, 0xff, 0xef}; //? ?? 7-segment? 0~9?
             -? ???? ?? ?.
  12                                    //7-segment? common cathod
  13                                    //0 = "0b10111111", 1 = "0b10000110", 2 = "0b11001011", 3 = "0b11001111", 4 = "0
             -b11100011", 5 = "0b11101101"
  14                                    //6 = "0b11111101", 7 = "0b10000111", 8 = "0b11111111", 9 = "0b11101111"
  15          
  16                                    
  17          
  18          void delay(unsigned int a);
  19          
  20          void main() 
  21          {
  22   1          while(1)
  23   1          {
  24   2            unsigned int i;
  25   2            for(i=0;i<=9;i++)
  26   2            {
  27   3                P1 = num[i]; 
  28   3                delay(0x59200); //5000ms
  29   3            }
  30   2          }
  31   1      }
  32          
  33          void delay(unsigned int a)
  34          {
  35   1          while(a--);
  36   1      }


MODULE INFORMATION:   STATIC OVERLAYABLE
   CODE SIZE        =     50    ----
   CONSTANT SIZE    =   ----    ----
   XDATA SIZE       =   ----    ----
   PDATA SIZE       =   ----    ----
   DATA SIZE        =     10       2
   IDATA SIZE       =   ----    ----
   BIT SIZE         =   ----    ----
END OF MODULE INFORMATION.


C51 COMPILATION COMPLETE.  0 WARNING(S),  0 ERROR(S)
