C51 COMPILER V9.60.0.0   ESSEN_PROG                                                        03/19/2020 14:30:20 PAGE 1   


C51 COMPILER V9.60.0.0, COMPILATION OF MODULE ESSEN_PROG
OBJECT MODULE PLACED IN .\Objects\essen_prog.obj
COMPILER INVOKED BY: C:\Keil_v5\C51\BIN\C51.EXE essen_prog.c OPTIMIZE(8,SPEED) BROWSE DEBUG OBJECTEXTEND PRINT(.\Listing
                    -s\essen_prog.lst) TABS(2) OBJECT(.\Objects\essen_prog.obj)

line level    source

   1          /*
   2          *File name: essen_prog.c
   3          *Author: Sean Kim
   4          *Date: 03.01.20
   5          *Edited: 
   6          */
   7          
   8          #include "essen_prog.h"
   9          
  10          
  11          void delay(unsigned int ms)
  12          {
  13   1          unsigned int i, j;
  14   1          for(i=1;i<=ms;i++)
  15   1          {
  16   2              for(j=1;j<=125;j++); //1ms
  17   2          }
  18   1      }


MODULE INFORMATION:   STATIC OVERLAYABLE
   CODE SIZE        =     34    ----
   CONSTANT SIZE    =   ----    ----
   XDATA SIZE       =   ----    ----
   PDATA SIZE       =   ----    ----
   DATA SIZE        =   ----    ----
   IDATA SIZE       =   ----    ----
   BIT SIZE         =   ----    ----
END OF MODULE INFORMATION.


C51 COMPILATION COMPLETE.  0 WARNING(S),  0 ERROR(S)
