C51 COMPILER V9.60.0.0   MAIN                                                              02/27/2020 23:04:01 PAGE 1   


C51 COMPILER V9.60.0.0, COMPILATION OF MODULE MAIN
OBJECT MODULE PLACED IN .\Objects\main.obj
COMPILER INVOKED BY: C:\Keil_v5\C51\BIN\C51.EXE main.c OPTIMIZE(8,SPEED) BROWSE DEBUG OBJECTEXTEND PRINT(.\Listings\main
                    -.lst) TABS(2) OBJECT(.\Objects\main.obj)

line level    source

   1          ///////////////////////////////////////////////////////////////////////
   2          //Project name: Set P1.0~P1.3 as input and set P1.4~P1.7 as output
   3          //Title: main.h  
   4          //Author: Sean Kim
   5          //Date: 02.25.20
   6          //Edited: 
   7          //////////////////////////////////////////////////////////////////////
   8          
   9          
  10          #include "main.h"
  11          #include "reg51.h"
  12          
  13          void delay(unsigned int a);
  14          
  15          void main() //Poll mathod? ??? ??
  16          {
  17   1          P1 = 0x0f; // 0b00001111 This is for set P1.0 to P1.4 as inputs.
  18   1                     // If user press the button, pin connects to ground and the pin register turns 1 to 0. 
  19   1          while(1)
  20   1          {
  21   2           P1 = (P1<<4) | 0x0f; //4bit ??? ?? ??? ?? input?? ????. ?? ? ?? P1 reg? ???? ???? LED? ????.
  22   2           
  23   2           //??? ???? ???? ??? ???? LED? ??????? ??.
  24   2           //P1 = ((P1<<4) | 0x0f) & P1; //??? ?? ???.
  25   2          
  26   2           delay(100); //Debouncing? ?? ?? ??
  27   2          }
  28   1      }
  29          
  30          void delay(unsigned int a)
  31          {
  32   1        while(a--);
  33   1      }


MODULE INFORMATION:   STATIC OVERLAYABLE
   CODE SIZE        =     32    ----
   CONSTANT SIZE    =   ----    ----
   XDATA SIZE       =   ----    ----
   PDATA SIZE       =   ----    ----
   DATA SIZE        =   ----    ----
   IDATA SIZE       =   ----    ----
   BIT SIZE         =   ----    ----
END OF MODULE INFORMATION.


C51 COMPILATION COMPLETE.  0 WARNING(S),  0 ERROR(S)
